<?xml version="1.0" encoding="UTF-8"?>
<!-- Generated by org.testng.reporters.JUnitXMLReporter -->
<testsuite ignored="4" hostname="Vinits-MacBook-Pro.local" failures="0" tests="2" name="Dashboard User cancellation" time="43.97" errors="0" timestamp="2024-12-17T16:32:47 IST">
  <testcase classname="bapFlows.BapLogin" name="bapLoginFlow" time="2.735"/>
  <testcase classname="bapFlows.UserRideCancellation" name="userRideCancellation" time="38.001"/>
  <testcase classname="baseClass.BaseClass" name="@BeforeTest setup" time="0.0">
    <ignored/>
  </testcase> <!-- @BeforeTest setup -->
  <testcase classname="baseClass.BaseClass" name="@AfterTest tearDown" time="0.0">
    <ignored/>
  </testcase> <!-- @AfterTest tearDown -->
  <testcase classname="baseClass.BaseClass" name="@AfterTest tearDown" time="0.0">
    <ignored/>
  </testcase> <!-- @AfterTest tearDown -->
  <testcase classname="baseClass.BaseClass" name="@BeforeTest setup" time="0.0">
    <ignored/>
  </testcase> <!-- @BeforeTest setup -->
</testsuite> <!-- Dashboard User cancellation -->
